<?xml version="1.0" encoding="UTF-8"?>
<coverage generated="1772190003916" clover="3.2.0">
  <project timestamp="1772190003916" name="All files">
    <metrics statements="17" coveredstatements="15" conditionals="6" coveredconditionals="5" methods="4" coveredmethods="3" elements="27" coveredelements="23" complexity="0" loc="17" ncloc="17" packages="1" files="1" classes="1"/>
    <file name="app.js" path="/Users/huey/Desktop/Amalitech/Project_Complete_CICD_Pipeline_Jenkins/app.js">
      <metrics statements="17" coveredstatements="15" conditionals="6" coveredconditionals="5" methods="4" coveredmethods="3"/>
      <line num="2" count="1" type="stmt"/>
      <line num="3" count="1" type="stmt"/>
      <line num="5" count="1" type="cond" truecount="2" falsecount="0"/>
      <line num="8" count="1" type="stmt"/>
      <line num="10" count="1" type="cond" truecount="2" falsecount="0"/>
      <line num="13" count="1" type="stmt"/>
      <line num="16" count="1" type="stmt"/>
      <line num="17" count="2" type="stmt"/>
      <line num="45" count="1" type="stmt"/>
      <line num="46" count="2" type="stmt"/>
      <line num="54" count="1" type="stmt"/>
      <line num="55" count="1" type="stmt"/>
      <line num="61" count="1" type="stmt"/>
      <line num="64" count="1" type="cond" truecount="1" falsecount="1"/>
      <line num="65" count="0" type="stmt"/>
      <line num="66" count="0" type="stmt"/>
      <line num="71" count="1" type="stmt"/>
    </file>
  </project>
</coverage>
