{"/Users/huey/Desktop/Amalitech/Project_Complete_CICD_Pipeline_Jenkins/app.js": {"path":"/Users/huey/Desktop/Amalitech/Project_Complete_CICD_Pipeline_Jenkins/app.js","statementMap":{"0":{"start":{"line":2,"column":16},"end":{"line":2,"column":34}},"1":{"start":{"line":3,"column":12},"end":{"line":3,"column":21}},"2":{"start":{"line":5,"column":13},"end":{"line":5,"column":37}},"3":{"start":{"line":8,"column":23},"end":{"line":8,"column":47}},"4":{"start":{"line":10,"column":16},"end":{"line":10,"column":50}},"5":{"start":{"line":13,"column":0},"end":{"line":13,"column":24}},"6":{"start":{"line":16,"column":0},"end":{"line":42,"column":3}},"7":{"start":{"line":17,"column":2},"end":{"line":41,"column":7}},"8":{"start":{"line":45,"column":0},"end":{"line":51,"column":3}},"9":{"start":{"line":46,"column":2},"end":{"line":50,"column":5}},"10":{"start":{"line":54,"column":0},"end":{"line":58,"column":3}},"11":{"start":{"line":55,"column":2},"end":{"line":57,"column":5}},"12":{"start":{"line":61,"column":0},"end":{"line":61,"column":34}},"13":{"start":{"line":64,"column":0},"end":{"line":68,"column":1}},"14":{"start":{"line":65,"column":2},"end":{"line":67,"column":5}},"15":{"start":{"line":66,"column":4},"end":{"line":66,"column":50}},"16":{"start":{"line":71,"column":0},"end":{"line":71,"column":21}}},"fnMap":{"0":{"name":"(anonymous_0)","decl":{"start":{"line":16,"column":13},"end":{"line":16,"column":14}},"loc":{"start":{"line":16,"column":27},"end":{"line":42,"column":1}},"line":16},"1":{"name":"(anonymous_1)","decl":{"start":{"line":45,"column":21},"end":{"line":45,"column":22}},"loc":{"start":{"line":45,"column":35},"end":{"line":51,"column":1}},"line":45},"2":{"name":"(anonymous_2)","decl":{"start":{"line":54,"column":19},"end":{"line":54,"column":20}},"loc":{"start":{"line":54,"column":33},"end":{"line":58,"column":1}},"line":54},"3":{"name":"(anonymous_3)","decl":{"start":{"line":65,"column":30},"end":{"line":65,"column":31}},"loc":{"start":{"line":65,"column":36},"end":{"line":67,"column":3}},"line":65}},"branchMap":{"0":{"loc":{"start":{"line":5,"column":13},"end":{"line":5,"column":37}},"type":"binary-expr","locations":[{"start":{"line":5,"column":13},"end":{"line":5,"column":29}},{"start":{"line":5,"column":33},"end":{"line":5,"column":37}}],"line":5},"1":{"loc":{"start":{"line":10,"column":16},"end":{"line":10,"column":50}},"type":"binary-expr","locations":[{"start":{"line":10,"column":16},"end":{"line":10,"column":39}},{"start":{"line":10,"column":43},"end":{"line":10,"column":50}}],"line":10},"2":{"loc":{"start":{"line":64,"column":0},"end":{"line":68,"column":1}},"type":"if","locations":[{"start":{"line":64,"column":0},"end":{"line":68,"column":1}},{"start":{},"end":{}}],"line":64}},"s":{"0":1,"1":1,"2":1,"3":1,"4":1,"5":1,"6":1,"7":2,"8":1,"9":2,"10":1,"11":1,"12":1,"13":1,"14":0,"15":0,"16":1},"f":{"0":2,"1":2,"2":1,"3":0},"b":{"0":[1,1],"1":[1,1],"2":[0,1]},"_coverageSchema":"1a1c01bbd47fc00a2c39e90264f33305004495a9","hash":"e6e3b015229c14fefa9f56abdc4a4af9da37af0b"}
}
